============================= test session starts ==============================
platform linux -- Python 3.10.19, pytest-9.1.1, pluggy-1.6.0 -- /home/zhengshiyi/react2025_new/.venv/bin/python
cachedir: .pytest_cache
rootdir: /home/zhengshiyi/react2025_new
plugins: hydra-core-1.3.2, anyio-4.14.2
collecting ... collected 98 items

hirp/tests/test_energy_score.py::test_hand_calculation PASSED            [  1%]
hirp/tests/test_energy_score.py::test_reference_and_mask_gradient PASSED [  2%]
hirp/tests/test_energy_score.py::test_k1_rejected PASSED                 [  3%]
hirp/tests/test_energy_score.py::test_bad_scale[scale0] PASSED           [  4%]
hirp/tests/test_energy_score.py::test_bad_scale[scale1] PASSED           [  5%]
hirp/tests/test_energy_score.py::test_bad_scale[scale2] PASSED           [  6%]
hirp/tests/test_energy_score.py::test_bad_scale[scale3] PASSED           [  7%]
hirp/tests/test_energy_score.py::test_amp_float32 PASSED                 [  8%]
hirp/tests/test_energy_score.py::test_sample_permutation_and_translation_invariance PASSED [  9%]
hirp/tests/test_gradients.py::test_gradients PASSED                      [ 10%]
hirp/tests/test_masks.py::test_padding_invariance PASSED                 [ 11%]
hirp/tests/test_masks.py::test_invalid_lengths[lengths0] PASSED          [ 12%]
hirp/tests/test_masks.py::test_invalid_lengths[lengths1] PASSED          [ 13%]
hirp/tests/test_masks.py::test_invalid_lengths[lengths2] PASSED          [ 14%]
hirp/tests/test_model_shapes.py::test_shape_domains_aux PASSED           [ 15%]
hirp/tests/test_model_shapes.py::test_arbitrary_k[1] PASSED              [ 16%]
hirp/tests/test_model_shapes.py::test_arbitrary_k[2] PASSED              [ 17%]
hirp/tests/test_model_shapes.py::test_arbitrary_k[4] PASSED              [ 18%]
hirp/tests/test_model_shapes.py::test_arbitrary_k[10] PASSED             [ 19%]
hirp/tests/test_model_shapes.py::test_arbitrary_k[32] PASSED             [ 20%]
hirp/tests/test_model_shapes.py::test_adapter PASSED                     [ 21%]
hirp/tests/test_phase1.py::test_distinct_lengths_normalization PASSED    [ 22%]
hirp/tests/test_phase1.py::test_target_padding_and_source_tail PASSED    [ 23%]
hirp/tests/test_phase1.py::test_es_details_exact PASSED                  [ 24%]
hirp/tests/test_phase1.py::test_prior_statistics_finite_singleton PASSED [ 25%]
hirp/tests/test_phase1.py::test_diagnostics_noise_reproducibility PASSED [ 26%]
hirp/tests/test_phase1.py::test_standard_normal_ablation PASSED          [ 27%]
hirp/tests/test_phase1.py::test_real_dataloader_contract PASSED          [ 28%]
hirp/tests/test_phase1.py::test_real_unequal_pair_lengths PASSED         [ 29%]
hirp/tests/test_phase15.py::test_global_prior_only_bias_updates PASSED   [ 30%]
hirp/tests/test_phase15.py::test_global_hook_exception_cleanup PASSED    [ 31%]
hirp/tests/test_phase15.py::test_diagnostics_reject_small_k[0] PASSED    [ 32%]
hirp/tests/test_phase15.py::test_diagnostics_reject_small_k[1] PASSED    [ 33%]
hirp/tests/test_phase15.py::test_session_selection_shuffle PASSED        [ 34%]
hirp/tests/test_phase15.py::test_mean_prior_averages_sigma_not_log PASSED [ 35%]
hirp/tests/test_phase15.py::test_eval_override_alpha_zero_and_no_mutation PASSED [ 36%]
hirp/tests/test_phase15.py::test_channel_overall_equals_paired_es PASSED [ 37%]
hirp/tests/test_phase15.py::test_entropy_velocity_boundaries PASSED      [ 38%]
hirp/tests/test_phase15.py::test_real_reference_is_same_session_only PASSED [ 39%]
hirp/tests/test_phase15.py::test_random_crop_audit_exact[11-5-4] PASSED  [ 40%]
hirp/tests/test_phase15.py::test_random_crop_audit_exact[10-9-4] PASSED  [ 41%]
hirp/tests/test_phase15.py::test_random_crop_audit_exact[4-0-8] PASSED   [ 42%]
hirp/tests/test_phase15.py::test_random_crop_audit_exact[3-2-8] PASSED   [ 43%]
hirp/tests/test_phase15.py::test_provenance_detects_changed_data PASSED  [ 44%]
hirp/tests/test_phase15.py::test_audit_checkpoint_roundtrip PASSED       [ 45%]
hirp/tests/test_phase15.py::test_session_bootstrap_constant_difference PASSED [ 46%]
hirp/tests/test_phase2.py::test_pool_split_isolation PASSED              [ 47%]
hirp/tests/test_phase2.py::test_reference_unique_mass PASSED             [ 48%]
hirp/tests/test_phase2.py::test_source_reference_independent_crop PASSED [ 50%]
hirp/tests/test_phase2.py::test_phi_sample_permutation_determinism PASSED [ 51%]
hirp/tests/test_phase2.py::test_phi_padding_and_gradients PASSED         [ 52%]
hirp/tests/test_phase2.py::test_phi_single_frame_velocity_validity PASSED [ 53%]
hirp/tests/test_phase2.py::test_phi_manual_values PASSED                 [ 54%]
hirp/tests/test_phase2.py::test_scaler_train_only_and_frozen PASSED      [ 55%]
hirp/tests/test_phase2.py::test_b2_hand_calculation PASSED               [ 56%]
hirp/tests/test_phase2.py::test_b3_reference_set_permutation PASSED      [ 57%]
hirp/tests/test_phase2.py::test_b4_bank_exchange PASSED                  [ 58%]
hirp/tests/test_phase2.py::test_b4_not_flatten_iid PASSED                [ 59%]
hirp/tests/test_phase2.py::test_common_noise_mixture_estimator PASSED    [ 60%]
hirp/tests/test_phase2.py::test_schedule_independence_and_hashes PASSED  [ 61%]
hirp/tests/test_phase2.py::test_matched_initialization_and_b2_no_refs PASSED [ 62%]
hirp/tests/test_phase2.py::test_no_refs_enter_generator PASSED           [ 63%]
hirp/tests/test_phase2.py::test_toy_hierarchy_sanity PASSED              [ 64%]
hirp/tests/test_phase2.py::test_a0_k_prefix_still_holds PASSED           [ 65%]
hirp/tests/test_phase2.py::test_split_escape_reference_rejected PASSED   [ 66%]
hirp/tests/test_phase2.py::test_joint_descriptor_coordinate_mask PASSED  [ 67%]
hirp/tests/test_phase2.py::test_scaler_invalid_velocity_not_observed_zero PASSED [ 68%]
hirp/tests/test_phase2.py::test_actual_pilot_matched_controls PASSED     [ 69%]
hirp/tests/test_phase21.py::test_all_samples_receive_conditional_gradient PASSED [ 70%]
hirp/tests/test_phase21.py::test_common_conditional_objective_and_generator_isolation PASSED [ 71%]
hirp/tests/test_phase21.py::test_source_pair_padding_and_length_separation PASSED [ 72%]
hirp/tests/test_phase21.py::test_new_head_sampling_contract[False] PASSED [ 73%]
hirp/tests/test_phase21.py::test_new_head_sampling_contract[True] PASSED [ 74%]
hirp/tests/test_phase21.py::test_frozen_prior_nonzero_noise_path_and_diagnostic_gradients PASSED [ 75%]
hirp/tests/test_phase21.py::test_zero_film_blocks_initial_prior_gradient_regression PASSED [ 76%]
hirp/tests/test_phase21.py::test_gradient_cosine_finite PASSED           [ 77%]
hirp/tests/test_phase21.py::test_amp_explicit_noise_prior_dtype_float32_distance[train-cpu] PASSED [ 78%]
hirp/tests/test_phase21.py::test_amp_explicit_noise_prior_dtype_float32_distance[train-cuda:2] PASSED [ 79%]
hirp/tests/test_phase21.py::test_amp_explicit_noise_prior_dtype_float32_distance[eval-cpu] PASSED [ 80%]
hirp/tests/test_phase21.py::test_amp_explicit_noise_prior_dtype_float32_distance[eval-cuda:2] PASSED [ 81%]
hirp/tests/test_phase21.py::test_toy_recovers_from_nonoptimal_initialization PASSED [ 82%]
hirp/tests/test_sampling_contract.py::test_reproducibility_prefix PASSED [ 83%]
hirp/tests/test_sampling_contract.py::test_sensitivities PASSED          [ 84%]
hirp/tests/test_sampling_contract.py::test_sample_wrapper PASSED         [ 85%]
hirp/tests/test_sampling_contract.py::test_api_and_independence PASSED   [ 86%]
hirp/tests/test_sampling_contract.py::test_explicit_noise_no_rng PASSED  [ 87%]
hirp/tests/test_sampling_contract.py::test_bad_k[0] PASSED               [ 88%]
hirp/tests/test_sampling_contract.py::test_bad_k[-1] PASSED              [ 89%]
hirp/tests/test_sampling_contract.py::test_bad_k[1.5] PASSED             [ 90%]
hirp/tests/test_sampling_contract.py::test_bad_k[True] PASSED            [ 91%]
hirp/tests/test_sampling_contract.py::test_each_modality_conditions_prior_and_output[speaker_audio] PASSED [ 92%]
hirp/tests/test_sampling_contract.py::test_each_modality_conditions_prior_and_output[speaker_emotion] PASSED [ 93%]
hirp/tests/test_sampling_contract.py::test_each_modality_conditions_prior_and_output[speaker_3dmm] PASSED [ 94%]
hirp/tests/test_sampling_contract.py::test_prior_clamp PASSED            [ 95%]
hirp/tests/test_sampling_contract.py::test_invalid_explicit_noise[noise0] PASSED [ 96%]
hirp/tests/test_sampling_contract.py::test_invalid_explicit_noise[noise1] PASSED [ 97%]
hirp/tests/test_sampling_contract.py::test_invalid_explicit_noise[noise2] PASSED [ 98%]
hirp/tests/test_sampling_contract.py::test_sample_restores_mixed_modes_after_exception PASSED [100%]

=============================== warnings summary ===============================
hirp/tests/test_phase15.py::test_audit_checkpoint_roundtrip
  /home/zhengshiyi/react2025_new/.venv/lib/python3.10/site-packages/torch/_utils.py:831: UserWarning: TypedStorage is deprecated. It will be removed in the future and UntypedStorage will be the only storage class. This should only matter to you if you are using storages directly.  To access UntypedStorage directly, use tensor.untyped_storage() instead of tensor.storage()
    return self.fget.__get__(instance, owner)()

-- Docs: https://docs.pytest.org/en/stable/how-to/capture-warnings.html
======================== 98 passed, 1 warning in 12.30s ========================
